<?xml version="1.0" encoding="UTF-8"?>
<!-- Generated by org.testng.reporters.JUnitReportReporter -->
<testsuite hostname="TABLET-035DO2R9" failures="0" tests="3" name="testNGAnnotaions.CrossBrowserTesting" time="11.486" errors="0" timestamp="2024-05-30T10:34:57 CST" skipped="0">
  <testcase classname="testNGAnnotaions.CrossBrowserTesting" name="enterLoginDetails" time="5.063"/>
  <testcase classname="testNGAnnotaions.CrossBrowserTesting" name="enterLoginDetails" time="5.933"/>
  <testcase classname="testNGAnnotaions.CrossBrowserTesting" name="enterLoginDetails" time="0.490"/>
</testsuite> <!-- testNGAnnotaions.CrossBrowserTesting -->
