<?xml version="1.0" encoding="UTF-8"?>
<!-- Generated by org.testng.reporters.JUnitReportReporter -->
<testsuite hostname="TABLET-035DO2R9" failures="0" tests="2" name="testNGAnnotaions.SequentialRunTest$ParallelTest" time="22.139" errors="0" timestamp="2024-03-26T16:49:29 GMT-06:00" skipped="0">
  <testcase classname="testNGAnnotaions.SequentialRunTest$ParallelTest" name="testChrome" time="9.348"/>
  <testcase classname="testNGAnnotaions.SequentialRunTest$ParallelTest" name="testFirefox" time="12.791"/>
</testsuite> <!-- testNGAnnotaions.SequentialRunTest$ParallelTest -->
