<?xml version="1.0" encoding="UTF-8"?>
<!-- Generated by org.testng.reporters.JUnitReportReporter -->
<testsuite hostname="TABLET-035DO2R9" failures="0" tests="1" name="findElements.Autosuggestion" time="13.176" errors="0" timestamp="2024-04-06T20:24:27 GMT-06:00" skipped="0">
  <testcase classname="findElements.Autosuggestion" name="testAutoSuggestions" time="13.176"/>
</testsuite> <!-- findElements.Autosuggestion -->
