<?xml version="1.0" encoding="UTF-8"?>
<!-- Generated by org.testng.reporters.JUnitReportReporter -->
<testsuite hostname="TABLET-035DO2R9" failures="0" tests="2" name="testNGAnnotaions.PriorityDemo" time="0.013" errors="0" timestamp="2024-03-28T12:47:34 GMT-06:00" skipped="0">
  <testcase classname="testNGAnnotaions.PriorityDemo" name="testA" time="0.011"/>
  <testcase classname="testNGAnnotaions.PriorityDemo" name="testB" time="0.002"/>
</testsuite> <!-- testNGAnnotaions.PriorityDemo -->
