<?xml version="1.0" encoding="UTF-8"?>
<!-- Generated by org.testng.reporters.JUnitReportReporter -->
<testsuite hostname="TABLET-035DO2R9" failures="0" tests="1" name="testNGAnnotaions.DataProviderWithExcelSheet" time="1.366" errors="0" timestamp="2024-03-28T06:51:13 GMT-06:00" skipped="0">
  <testcase classname="testNGAnnotaions.DataProviderWithExcelSheet" name="excelData" time="1.366"/>
</testsuite> <!-- testNGAnnotaions.DataProviderWithExcelSheet -->
