<?xml version="1.0" encoding="UTF-8"?>
<!-- Generated by org.testng.reporters.JUnitReportReporter -->
<testsuite hostname="TABLET-035DO2R9" failures="0" tests="4" name="testNGAnnotaions.LoginApplication" time="46.107" errors="0" timestamp="2024-03-28T07:24:25 GMT-06:00" skipped="0">
  <testcase classname="testNGAnnotaions.LoginApplication" name="loginApp" time="10.205"/>
  <testcase classname="testNGAnnotaions.LoginApplication" name="loginApp" time="10.154"/>
  <testcase classname="testNGAnnotaions.LoginApplication" name="loginApp" time="10.739"/>
  <testcase classname="testNGAnnotaions.LoginApplication" name="loginApp" time="15.009"/>
</testsuite> <!-- testNGAnnotaions.LoginApplication -->
