<?xml version="1.0" encoding="UTF-8"?>
<!-- Generated by org.testng.reporters.JUnitReportReporter -->
<testsuite hostname="TABLET-035DO2R9" failures="0" tests="1" name="testNGAnnotaions.Annotations$DemoA" time="0.013" errors="0" timestamp="2024-03-19T21:47:40 GMT-06:00" skipped="0">
  <testcase classname="testNGAnnotaions.Annotations$DemoA" name="testA" time="0.013">
    <system-out>
      <![CDATA[testA...]]>
    </system-out>
  </testcase> <!-- testA -->
  <system-out>
    <![CDATA[before test suite
before each and every test block/runner
before each and every test class
before each and every test method
testA...
after each and every test method
after each and every test class
after each and every test block/runner
after test suite]]>
  </system-out>
</testsuite> <!-- testNGAnnotaions.Annotations$DemoA -->
