<?xml version="1.0" encoding="UTF-8"?>
<!-- Generated by org.testng.reporters.JUnitReportReporter -->
<testsuite hostname="TABLET-035DO2R9" failures="0" tests="3" name="testNGAnnotaions.ParalleDemo" time="11.956" errors="0" timestamp="2024-03-27T17:09:01 GMT-06:00" skipped="0">
  <testcase classname="testNGAnnotaions.ParalleDemo" name="enterLoginDetails" time="6.202"/>
  <testcase classname="testNGAnnotaions.ParalleDemo" name="enterLoginDetails" time="5.314"/>
  <testcase classname="testNGAnnotaions.ParalleDemo" name="enterLoginDetails" time="0.440"/>
</testsuite> <!-- testNGAnnotaions.ParalleDemo -->
