<?xml version="1.0" encoding="UTF-8"?>
<!-- Generated by org.testng.reporters.JUnitReportReporter -->
<testsuite hostname="TABLET-035DO2R9" failures="0" tests="8" name="testNGAnnotaions.ParallelTesting" time="39.179" errors="0" timestamp="2024-05-30T10:48:10 CST" skipped="0">
  <testcase classname="testNGAnnotaions.ParallelTesting" name="enterLoginDetails" time="4.216"/>
  <testcase classname="testNGAnnotaions.ParallelTesting" name="enterLoginDetails" time="4.298"/>
  <testcase classname="testNGAnnotaions.ParallelTesting" name="enterLoginDetails" time="5.594"/>
  <testcase classname="testNGAnnotaions.ParallelTesting" name="enterLoginDetails" time="5.654"/>
  <testcase classname="testNGAnnotaions.ParallelTesting" name="enterLoginDetails" time="5.426"/>
  <testcase classname="testNGAnnotaions.ParallelTesting" name="enterLoginDetails" time="5.563"/>
  <testcase classname="testNGAnnotaions.ParallelTesting" name="enterLoginDetails" time="4.215"/>
  <testcase classname="testNGAnnotaions.ParallelTesting" name="enterLoginDetails" time="4.213"/>
</testsuite> <!-- testNGAnnotaions.ParallelTesting -->
