<?xml version="1.0" encoding="UTF-8"?>
<!-- Generated by org.testng.reporters.JUnitReportReporter -->
<testsuite hostname="TABLET-035DO2R9" failures="0" tests="2" name="testNGAnnotaions.DataProvideClass" time="0.011" errors="0" timestamp="2024-04-01T16:40:01 GMT-06:00" skipped="0">
  <testcase classname="testNGAnnotaions.DataProvideClass" name="testStringData" time="0.008"/>
  <testcase classname="testNGAnnotaions.DataProvideClass" name="testStringData" time="0.003"/>
</testsuite> <!-- testNGAnnotaions.DataProvideClass -->
