<?xml version="1.0" encoding="UTF-8"?>
<!-- Generated by org.testng.reporters.JUnitReportReporter -->
<testsuite hostname="TABLET-035DO2R9" failures="0" tests="1" name="testNGAnnotaions.LaunchBrowserwithTestNg" time="41.928" errors="0" timestamp="2024-02-27T23:02:35 GMT-06:00" skipped="0">
  <testcase classname="testNGAnnotaions.LaunchBrowserwithTestNg" name="testMethod" time="41.928"/>
</testsuite> <!-- testNGAnnotaions.LaunchBrowserwithTestNg -->
